<?xml version="1.0" encoding="UTF-8"?>
<testsuite xmlns:xsi="http://www.w3.org/2001/XMLSchema-instance" xsi:noNamespaceSchemaLocation="https://maven.apache.org/surefire/maven-surefire-plugin/xsd/surefire-test-report-3.0.xsd" version="3.0" name="anh.nguyen.alovestory.AlovestoryApplicationTests" time="8.108" tests="1" errors="0" skipped="0" failures="0">
  <properties>
[...]
</properties>
  <testcase name="contextLoads" classname="anh.nguyen.alovestory.AlovestoryApplicationTests" time="0.608">
    <system-out><![CDATA[11:03:25.633 [main] INFO org.springframework.test.context.support.AnnotationConfigContextLoaderUtils -- Could not detect default configuration classes for test class [anh.nguyen.alovestory.AlovestoryApplicationTests]: AlovestoryApplicationTests does not declare any static, non-private, non-final, nested classes annotated with @Configuration.
11:03:25.742 [main] INFO org.springframework.boot.test.context.SpringBootTestContextBootstrapper -- Found @SpringBootConfiguration anh.nguyen.alovestory.AlovestoryApplication for test class anh.nguyen.alovestory.AlovestoryApplicationTests

  .   ____          _            __ _ _
 /\\ / ___'_ __ _ _(_)_ __  __ _ \ \ \ \
( ( )\___ | '_ | '_| | '_ \/ _` | \ \ \ \
 \\/  ___)| |_)| | | | | || (_| |  ) ) ) )
  '  |____| .__|_| |_|_| |_\__, | / / / /
 =========|_|==============|___/=/_/_/_/

 :: Spring Boot ::                (v3.3.4)

2024-11-10T11:03:26.231+07:00  INFO 8484 --- [alovestory] [           main] a.n.a.AlovestoryApplicationTests         : Starting AlovestoryApplicationTests using Java 22.0.2 with PID 8484 (started by anhan in E:\Download\A-Love-Story-main (1)\A-Love-Story-main\alovestory)
2024-11-10T11:03:26.233+07:00  INFO 8484 --- [alovestory] [           main] a.n.a.AlovestoryApplicationTests         : No active profile set, falling back to 1 default profile: "default"
2024-11-10T11:03:27.254+07:00  INFO 8484 --- [alovestory] [           main] .s.d.r.c.RepositoryConfigurationDelegate : Bootstrapping Spring Data JPA repositories in DEFAULT mode.
2024-11-10T11:03:27.314+07:00  INFO 8484 --- [alovestory] [           main] .s.d.r.c.RepositoryConfigurationDelegate : Finished Spring Data repository scanning in 53 ms. Found 4 JPA repository interfaces.
2024-11-10T11:03:28.075+07:00  INFO 8484 --- [alovestory] [           main] o.hibernate.jpa.internal.util.LogHelper  : HHH000204: Processing PersistenceUnitInfo [name: default]
2024-11-10T11:03:28.134+07:00  INFO 8484 --- [alovestory] [           main] org.hibernate.Version                    : HHH000412: Hibernate ORM core version 6.5.3.Final
2024-11-10T11:03:28.170+07:00  INFO 8484 --- [alovestory] [           main] o.h.c.internal.RegionFactoryInitiator    : HHH000026: Second-level cache disabled
2024-11-10T11:03:28.485+07:00  INFO 8484 --- [alovestory] [           main] o.s.o.j.p.SpringPersistenceUnitInfo      : No LoadTimeWeaver setup: ignoring JPA class transformer
2024-11-10T11:03:28.516+07:00  INFO 8484 --- [alovestory] [           main] com.zaxxer.hikari.HikariDataSource       : HikariPool-1 - Starting...
2024-11-10T11:03:28.856+07:00  INFO 8484 --- [alovestory] [           main] com.zaxxer.hikari.pool.HikariPool        : HikariPool-1 - Added connection ConnectionID:1 ClientConnectionId: 22841aa5-b935-4e37-9a8b-40e6f98e67f4
2024-11-10T11:03:28.858+07:00  INFO 8484 --- [alovestory] [           main] com.zaxxer.hikari.HikariDataSource       : HikariPool-1 - Start completed.
2024-11-10T11:03:28.883+07:00  WARN 8484 --- [alovestory] [           main] org.hibernate.orm.deprecation            : HHH90000025: SQLServer2012Dialect does not need to be specified explicitly using 'hibernate.dialect' (remove the property setting and it will be selected by default)
2024-11-10T11:03:28.884+07:00  WARN 8484 --- [alovestory] [           main] org.hibernate.orm.deprecation            : HHH90000026: SQLServer2012Dialect has been deprecated; use org.hibernate.dialect.SQLServerDialect instead
2024-11-10T11:03:29.877+07:00  INFO 8484 --- [alovestory] [           main] o.h.e.t.j.p.i.JtaPlatformInitiator       : HHH000489: No JTA platform available (set 'hibernate.transaction.jta.platform' to enable JTA platform integration)
2024-11-10T11:03:31.148+07:00  INFO 8484 --- [alovestory] [           main] j.LocalContainerEntityManagerFactoryBean : Initialized JPA EntityManagerFactory for persistence unit 'default'
2024-11-10T11:03:31.699+07:00  WARN 8484 --- [alovestory] [           main] JpaBaseConfiguration$JpaWebConfiguration : spring.jpa.open-in-view is enabled by default. Therefore, database queries may be performed during view rendering. Explicitly configure spring.jpa.open-in-view to disable this warning
2024-11-10T11:03:31.736+07:00  INFO 8484 --- [alovestory] [           main] r$InitializeUserDetailsManagerConfigurer : Global AuthenticationManager configured with UserDetailsService bean with name customUserDetailsService
2024-11-10T11:03:32.181+07:00  INFO 8484 --- [alovestory] [           main] o.s.b.a.e.web.EndpointLinksResolver      : Exposing 1 endpoint beneath base path '/actuator'
2024-11-10T11:03:32.263+07:00 DEBUG 8484 --- [alovestory] [           main] o.s.s.web.DefaultSecurityFilterChain     : Will secure any request with filters: DisableEncodeUrlFilter, WebAsyncManagerIntegrationFilter, SecurityContextHolderFilter, HeaderWriterFilter, LogoutFilter, UsernamePasswordAuthenticationFilter, ConcurrentSessionFilter, RequestCacheAwareFilter, SecurityContextHolderAwareRequestFilter, AnonymousAuthenticationFilter, SessionManagementFilter, ExceptionTranslationFilter, AuthorizationFilter
2024-11-10T11:03:32.878+07:00  INFO 8484 --- [alovestory] [           main] a.n.a.AlovestoryApplicationTests         : Started AlovestoryApplicationTests in 6.99 seconds (process running for 8.138)
]]></system-out>
    <system-err><![CDATA[WARNING: A Java agent has been loaded dynamically (C:\Users\anhan\.m2\repository\net\bytebuddy\byte-buddy-agent\1.14.19\byte-buddy-agent-1.14.19.jar)
WARNING: If a serviceability tool is in use, please run with -XX:+EnableDynamicAgentLoading to hide this warning
WARNING: If a serviceability tool is not in use, please run with -Djdk.instrument.traceUsage for more information
WARNING: Dynamic loading of agents will be disallowed by default in a future release
]]></system-err>
  </testcase>
</testsuite>